Start Values for Bodies:
{
    "id": 0,
    "isOverlay": false,
    "posX": 500.0,
    "posY": 500.0,
    "pixSizeX": 50,
    "pixSizeY": 50,
    "imgLocation": "./Resources/Sprites/TEST100P/17.bmp",
    "layer": 0,
    "deleteFlag": false,
    "isSpritesheet": false,
    "spritesheetOffsetX": 0,
    "spritesheetOffsetY": 0,
    "spritesheetSizeX": 0,
    "spritesheetSizeY": 0,
    "invokes": [],
    "physics": {
        "mass": 200000.0,
        "isGrav": 1.0,
        "aX": 0.0,
        "aY": 0.0,
        "vX": 10.0,
        "vY": 0.0
    }
}
Object Appended. ID is: 1
0 to check
2 to check
2 to check
2 to check
2 to check
2 to check
2 to check
2 to check
2 to check
2 to check
2 to check
2 to check
2 to check
2 to check
2 to check
2 to check
2 to check
2 to check
2 to check
2 to check
2 to check
2 to check
2 to check
2 to check
2 to check
2 to check
2 to check
2 to check
2 to check
2 to check
2 to check
2 to check
2 to check
2 to check
2 to check
2 to check
2 to check
2 to check
2 to check
2 to check
2 to check
2 to check
2 to check
2 to check
2 to check
2 to check
2 to check
2 to check
2 to check
2 to check
2 to check
2 to check
2 to check
2 to check
2 to check
2 to check
2 to check
2 to check
2 to check
2 to check
2 to check
2 to check
2 to check
2 to check
2 to check
2 to check
2 to check
2 to check
2 to check
2 to check
2 to check
2 to check
2 to check
2 to check
2 to check
2 to check
2 to check
2 to check
2 to check
2 to check
2 to check
2 to check
2 to check
2 to check
2 to check
2 to check
2 to check
2 to check
2 to check
2 to check
2 to check
2 to check
2 to check
2 to check
2 to check
2 to check
2 to check
2 to check
2 to check
2 to check
2 to check
2 to check
2 to check
2 to check
2 to check
2 to check
2 to check
2 to check
2 to check
2 to check
2 to check
2 to check
2 to check
2 to check
2 to check
2 to check
2 to check
2 to check
2 to check
2 to check
2 to check
2 to check
2 to check
2 to check
2 to check
2 to check
2 to check
2 to check
2 to check
2 to check
2 to check
2 to check
2 to check
2 to check
2 to check
2 to check
2 to check
2 to check
2 to check
2 to check
2 to check
2 to check
2 to check
2 to check
2 to check
2 to check
2 to check
2 to check
2 to check
2 to check
2 to check
2 to check
2 to check
2 to check
2 to check
2 to check
2 to check
2 to check
2 to check
2 to check
2 to check
2 to check
2 to check
2 to check
2 to check
2 to check
2 to check
2 to check
2 to check
2 to check
2 to check
2 to check
2 to check
